nohup: ignoring input

[0;36m==========================================
Menutha Multi-App Build Script (v12 - With Build Target Selection)
==========================================[0m

[0;34m[INFO][0m Build target: both
[0;34m[INFO][0m Cleaning & reinstalling dependencies...
npm warn using --force Recommended protections disabled.
npm warn EBADENGINE Unsupported engine {
npm warn EBADENGINE   package: '@react-native-community/cli@20.0.2',
npm warn EBADENGINE   required: { node: '>=20.19.4' },
npm warn EBADENGINE   current: { node: 'v18.20.8', npm: '10.8.2' }
npm warn EBADENGINE }
npm warn deprecated rimraf@3.0.2: Rimraf versions prior to v4 are no longer supported
npm warn deprecated metro-react-native-babel-preset@0.77.0: Use @react-native/babel-preset instead
npm warn deprecated inflight@1.0.6: This module is not supported, and leaks memory. Do not use it. Check out lru-cache if you want a good and tested way to coalesce async requests by a key value, which is much more comprehensive and powerful.
npm warn deprecated text-encoding@0.7.0: no longer maintained
npm warn deprecated @babel/plugin-proposal-optional-catch-binding@7.18.6: This proposal has been merged to the ECMAScript standard and thus this plugin is no longer maintained. Please use @babel/plugin-transform-optional-catch-binding instead.
npm warn deprecated @babel/plugin-proposal-numeric-separator@7.18.6: This proposal has been merged to the ECMAScript standard and thus this plugin is no longer maintained. Please use @babel/plugin-transform-numeric-separator instead.
npm warn deprecated @babel/plugin-proposal-optional-chaining@7.21.0: This proposal has been merged to the ECMAScript standard and thus this plugin is no longer maintained. Please use @babel/plugin-transform-optional-chaining instead.
npm warn deprecated @babel/plugin-proposal-nullish-coalescing-operator@7.18.6: This proposal has been merged to the ECMAScript standard and thus this plugin is no longer maintained. Please use @babel/plugin-transform-nullish-coalescing-operator instead.
npm warn deprecated @babel/plugin-proposal-async-generator-functions@7.20.7: This proposal has been merged to the ECMAScript standard and thus this plugin is no longer maintained. Please use @babel/plugin-transform-async-generator-functions instead.
npm warn deprecated @babel/plugin-proposal-class-properties@7.18.6: This proposal has been merged to the ECMAScript standard and thus this plugin is no longer maintained. Please use @babel/plugin-transform-class-properties instead.
npm warn deprecated @babel/plugin-proposal-object-rest-spread@7.20.7: This proposal has been merged to the ECMAScript standard and thus this plugin is no longer maintained. Please use @babel/plugin-transform-object-rest-spread instead.
npm warn deprecated glob@7.2.3: Glob versions prior to v9 are no longer supported
npm warn deprecated glob@7.2.3: Glob versions prior to v9 are no longer supported
npm warn deprecated glob@7.2.3: Glob versions prior to v9 are no longer supported
npm warn deprecated glob@7.2.3: Glob versions prior to v9 are no longer supported

added 1156 packages, and audited 1157 packages in 23s

196 packages are looking for funding
  run `npm fund` for details

found 0 vulnerabilities
[0;32m[SUCCESS][0m Dependencies reinstalled.
[0;34m[INFO][0m Setting API_BASE_URL to http://13.127.228.119:8090...
[0;32m[SUCCESS][0m API_BASE_URL updated.

[0;36m==========================================
CUSTOMER APP - MENUTHA
==========================================[0m

[0;34m[INFO][0m Copying index.customer.js to app/index.js...
[0;32m[SUCCESS][0m Index file updated for customer app
[0;34m[INFO][0m Updating Android configuration for com.menutha.customer...
[0;32m[SUCCESS][0m Android config updated for com.menutha.customer
[0;34m[INFO][0m Ensuring cleartext + camera + location permissions (expo-camera installed)...
[0;32m[SUCCESS][0m Cleartext + camera + location permissions configured
[0;34m[INFO][0m Ensuring Google Maps and ML Kit dependencies in build.gradle...
[0;32m[SUCCESS][0m Google Maps dependencies already present
[0;32m[SUCCESS][0m ML Kit barcode scanning dependency already present
[0;34m[INFO][0m Configuring ProGuard rules for Google Maps...
[0;32m[SUCCESS][0m ProGuard rules already present

[0;36m==========================================
Building CUSTOMER APP (MENUTHA)
==========================================[0m

[0;34m[INFO][0m Setting NODE_ENV=production for build...
[0;34m[INFO][0m Cleaning build folders and bundled resources...
[0;34m[INFO][0m Creating JS bundle with Expo Router entry point...
=================================================================================================
From React Native 0.73, your project's Metro config should extend '@react-native/metro-config'
or it will fail to build. Please copy the template at:
https://github.com/react-native-community/template/blob/main/template/metro.config.js
This warning will be removed in future (https://github.com/facebook/metro/issues/1018).
=================================================================================================
                Welcome to Metro v0.82.5
              Fast - Scalable - Integrated


Writing bundle output to: android/app/src/main/assets/index.android.bundle
Done writing bundle output
Copying 78 asset files
Done copying assets
[0;34m[INFO][0m Running Gradle assembleRelease (skipping automatic bundling)...
> Task :expo-gradle-plugin:expo-autolinking-plugin-shared:checkKotlinGradlePluginConfigurationErrors
> Task :gradle-plugin:settings-plugin:checkKotlinGradlePluginConfigurationErrors SKIPPED
> Task :gradle-plugin:shared:checkKotlinGradlePluginConfigurationErrors SKIPPED
> Task :expo-gradle-plugin:expo-autolinking-plugin-shared:processResources NO-SOURCE
> Task :expo-gradle-plugin:expo-autolinking-settings-plugin:checkKotlinGradlePluginConfigurationErrors
> Task :expo-gradle-plugin:expo-autolinking-settings-plugin:pluginDescriptors
> Task :gradle-plugin:shared:processResources NO-SOURCE
> Task :gradle-plugin:settings-plugin:pluginDescriptors
> Task :gradle-plugin:settings-plugin:processResources
> Task :expo-gradle-plugin:expo-autolinking-settings-plugin:processResources
> Task :gradle-plugin:shared:compileKotlin
> Task :gradle-plugin:shared:compileJava NO-SOURCE
> Task :gradle-plugin:shared:classes UP-TO-DATE
> Task :gradle-plugin:shared:jar
> Task :expo-gradle-plugin:expo-autolinking-plugin-shared:compileKotlin
> Task :expo-gradle-plugin:expo-autolinking-plugin-shared:compileJava NO-SOURCE
> Task :expo-gradle-plugin:expo-autolinking-plugin-shared:classes UP-TO-DATE
> Task :expo-gradle-plugin:expo-autolinking-plugin-shared:jar
> Task :gradle-plugin:settings-plugin:compileKotlin
> Task :gradle-plugin:settings-plugin:compileJava NO-SOURCE
> Task :gradle-plugin:settings-plugin:classes
> Task :gradle-plugin:settings-plugin:jar
> Task :expo-gradle-plugin:expo-autolinking-settings-plugin:compileKotlin
> Task :expo-gradle-plugin:expo-autolinking-settings-plugin:compileJava NO-SOURCE
> Task :expo-gradle-plugin:expo-autolinking-settings-plugin:classes
> Task :expo-gradle-plugin:expo-autolinking-settings-plugin:jar
> Task :expo-gradle-plugin:expo-autolinking-plugin:checkKotlinGradlePluginConfigurationErrors
> Task :gradle-plugin:react-native-gradle-plugin:checkKotlinGradlePluginConfigurationErrors SKIPPED
> Task :expo-module-gradle-plugin:checkKotlinGradlePluginConfigurationErrors SKIPPED
> Task :expo-module-gradle-plugin:pluginDescriptors
> Task :expo-gradle-plugin:expo-autolinking-plugin:pluginDescriptors
> Task :expo-module-gradle-plugin:processResources
> Task :gradle-plugin:react-native-gradle-plugin:pluginDescriptors
> Task :expo-gradle-plugin:expo-autolinking-plugin:processResources
> Task :gradle-plugin:react-native-gradle-plugin:processResources

> Task :expo-gradle-plugin:expo-autolinking-plugin:compileKotlin
w: file:///home/ec2-user/menutha/MenuthaRestaurant/node_modules/expo-modules-autolinking/android/expo-gradle-plugin/expo-autolinking-plugin/src/main/kotlin/expo/modules/plugin/ExpoAutolinkingPlugin.kt:29:71 Name shadowed: project

> Task :expo-gradle-plugin:expo-autolinking-plugin:compileJava NO-SOURCE
> Task :expo-gradle-plugin:expo-autolinking-plugin:classes
> Task :expo-gradle-plugin:expo-autolinking-plugin:jar
> Task :gradle-plugin:react-native-gradle-plugin:compileKotlin
> Task :gradle-plugin:react-native-gradle-plugin:compileJava NO-SOURCE
> Task :gradle-plugin:react-native-gradle-plugin:classes
> Task :gradle-plugin:react-native-gradle-plugin:jar

> Task :expo-module-gradle-plugin:compileKotlin
w: file:///home/ec2-user/menutha/MenuthaRestaurant/node_modules/expo-modules-core/expo-module-gradle-plugin/src/main/kotlin/expo/modules/plugin/android/AndroidLibraryExtension.kt:9:24 'var targetSdk: Int?' is deprecated. Will be removed from library DSL in v9.0. Use testOptions.targetSdk or/and lint.targetSdk instead.

> Task :expo-module-gradle-plugin:compileJava NO-SOURCE
> Task :expo-module-gradle-plugin:classes
> Task :expo-module-gradle-plugin:jar

> Configure project :
[32m[ExpoRootProject][0m Using the following versions:
  - buildTools:  [32m35.0.0[0m
  - minSdk:      [32m24[0m
  - compileSdk:  [32m35[0m
  - targetSdk:   [32m35[0m
  - ndk:         [32m27.1.12297006[0m
  - kotlin:      [32m2.0.21[0m
  - ksp:         [32m2.0.21-1.0.28[0m

> Configure project :expo

Using expo modules
  - [32mexpo-constants[0m (17.1.7)
  - [32mexpo-image-loader[0m (5.1.0)
  - [32mexpo-modules-core[0m (3.0.21)
  - [33m[ðŸ“¦][0m [32mexpo-asset[0m (11.1.7)
  - [33m[ðŸ“¦][0m [32mexpo-blur[0m (14.1.5)
  - [33m[ðŸ“¦][0m [32mexpo-camera[0m (17.0.8)
  - [33m[ðŸ“¦][0m [32mexpo-file-system[0m (18.1.11)
  - [33m[ðŸ“¦][0m [32mexpo-font[0m (13.3.2)
  - [33m[ðŸ“¦][0m [32mexpo-haptics[0m (14.1.4)
  - [33m[ðŸ“¦][0m [32mexpo-image[0m (2.4.1)
  - [33m[ðŸ“¦][0m [32mexpo-image-picker[0m (16.1.4)
  - [33m[ðŸ“¦][0m [32mexpo-keep-awake[0m (14.1.4)
  - [33m[ðŸ“¦][0m [32mexpo-linear-gradient[0m (14.1.5)
  - [33m[ðŸ“¦][0m [32mexpo-linking[0m (7.1.7)
  - [33m[ðŸ“¦][0m [32mexpo-location[0m (18.1.6)
  - [33m[ðŸ“¦][0m [32mexpo-media-library[0m (17.1.7)
  - [33m[ðŸ“¦][0m [32mexpo-print[0m (14.1.4)
  - [33m[ðŸ“¦][0m [32mexpo-sharing[0m (13.1.5)
  - [33m[ðŸ“¦][0m [32mexpo-splash-screen[0m (0.30.10)
  - [33m[ðŸ“¦][0m [32mexpo-system-ui[0m (5.0.11)
  - [33m[ðŸ“¦][0m [32mexpo-web-browser[0m (14.2.0)


> Configure project :react-native-reanimated
Android gradle plugin: 8.8.2
Gradle: 8.13

> Configure project :react-native-vision-camera
[VisionCamera] Thank you for using VisionCamera â¤ï¸
[VisionCamera] If you enjoy using VisionCamera, please consider sponsoring this project: https://github.com/sponsors/mrousavy
[VisionCamera] node_modules found at /home/ec2-user/menutha/MenuthaRestaurant/node_modules
[VisionCamera] VisionCamera_enableFrameProcessors is set to true!
[VisionCamera] react-native-worklets-core found, Frame Processors are enabled!
[VisionCamera] VisionCamera_enableCodeScanner is set to false!

> Task :app:buildKotlinToolingMetadata
> Task :app:checkKotlinGradlePluginConfigurationErrors SKIPPED
> Task :app:generateAutolinkingPackageList
> Task :app:generateCodegenSchemaFromJavaScript SKIPPED
> Task :app:generateCodegenArtifactsFromSchema SKIPPED
> Task :app:preBuild
> Task :app:preReleaseBuild
> Task :app:generateReleaseBuildConfig
> Task :expo:generatePackagesList
> Task :expo:preBuild
> Task :expo:preReleaseBuild
> Task :expo:writeReleaseAarMetadata

> Task :expo-constants:createExpoConfig
env: load .env
env: export API_URL API_BASE_URL

> Task :expo-constants:preBuild
> Task :expo-constants:preReleaseBuild
> Task :expo-image-loader:preBuild UP-TO-DATE
> Task :expo-image-loader:preReleaseBuild UP-TO-DATE
> Task :expo-constants:writeReleaseAarMetadata
> Task :expo-image-loader:writeReleaseAarMetadata
> Task :expo-modules-core:preBuild UP-TO-DATE
> Task :expo-modules-core:preReleaseBuild UP-TO-DATE
> Task :mgcrea_vision-camera-barcode-scanner:preBuild UP-TO-DATE
> Task :mgcrea_vision-camera-barcode-scanner:preReleaseBuild UP-TO-DATE
> Task :react-native-async-storage_async-storage:preBuild UP-TO-DATE
> Task :react-native-async-storage_async-storage:preReleaseBuild UP-TO-DATE
> Task :expo-modules-core:writeReleaseAarMetadata
> Task :react-native-edge-to-edge:preBuild UP-TO-DATE
> Task :react-native-edge-to-edge:preReleaseBuild UP-TO-DATE
> Task :react-native-async-storage_async-storage:writeReleaseAarMetadata
> Task :react-native-gesture-handler:preBuild UP-TO-DATE
> Task :mgcrea_vision-camera-barcode-scanner:writeReleaseAarMetadata
> Task :react-native-gesture-handler:preReleaseBuild UP-TO-DATE
> Task :react-native-edge-to-edge:writeReleaseAarMetadata
> Task :react-native-maps:preBuild UP-TO-DATE
> Task :react-native-maps:preReleaseBuild UP-TO-DATE
> Task :react-native-gesture-handler:writeReleaseAarMetadata
> Task :react-native-picker_picker:preBuild UP-TO-DATE
> Task :react-native-maps:writeReleaseAarMetadata
> Task :react-native-picker_picker:preReleaseBuild UP-TO-DATE
> Task :react-native-picker_picker:writeReleaseAarMetadata
> Task :react-native-reanimated:assertMinimalReactNativeVersionTask SKIPPED
> Task :react-native-reanimated:prepareReanimatedHeadersForPrefabs
> Task :react-native-reanimated:prepareWorkletsHeadersForPrefabs
> Task :react-native-reanimated:preBuild
> Task :react-native-reanimated:preReleaseBuild
> Task :react-native-safe-area-context:preBuild UP-TO-DATE
> Task :react-native-reanimated:writeReleaseAarMetadata
> Task :react-native-safe-area-context:preReleaseBuild UP-TO-DATE
> Task :react-native-screens:preBuild UP-TO-DATE
> Task :react-native-screens:preReleaseBuild UP-TO-DATE
> Task :react-native-safe-area-context:writeReleaseAarMetadata
> Task :react-native-svg:preBuild UP-TO-DATE
> Task :react-native-screens:writeReleaseAarMetadata
> Task :react-native-svg:preReleaseBuild UP-TO-DATE
> Task :react-native-svg:writeReleaseAarMetadata
> Task :react-native-vision-camera:prepareHeaders
> Task :react-native-vision-camera:preBuild
> Task :react-native-vision-camera:preReleaseBuild
> Task :react-native-webview:preBuild UP-TO-DATE
> Task :react-native-webview:preReleaseBuild UP-TO-DATE
> Task :react-native-vision-camera:writeReleaseAarMetadata
> Task :react-native-webview:writeReleaseAarMetadata
> Task :react-native-worklets-core:prepareHeaders
> Task :react-native-worklets-core:preBuild
> Task :react-native-worklets-core:preReleaseBuild
> Task :react-native-worklets-core:writeReleaseAarMetadata
> Task :app:checkReleaseAarMetadata

> Task :app:createBundleReleaseJsAndAssets
env: load .env
env: export API_URL API_BASE_URL
Starting Metro Bundler
warning: Bundler cache is empty, rebuilding (this may take a minute)
